/Users/akihisa/.rbenv/versions/2.0.0-p353/lib/ruby/2.0.0/open-uri.rb:36:in `initialize': No such file or directory - log/development.log (Errno::ENOENT)
	from /Users/akihisa/.rbenv/versions/2.0.0-p353/lib/ruby/2.0.0/open-uri.rb:36:in `open'
	from /Users/akihisa/.rbenv/versions/2.0.0-p353/lib/ruby/2.0.0/open-uri.rb:36:in `open'
	from /Users/akihisa/.rbenv/versions/2.0.0-p353/lib/ruby/2.0.0/logger.rb:601:in `create_logfile'
	from /Users/akihisa/.rbenv/versions/2.0.0-p353/lib/ruby/2.0.0/logger.rb:596:in `open_logfile'
	from /Users/akihisa/.rbenv/versions/2.0.0-p353/lib/ruby/2.0.0/logger.rb:551:in `initialize'
	from /Users/akihisa/.rbenv/versions/2.0.0-p353/lib/ruby/2.0.0/logger.rb:318:in `new'
	from /Users/akihisa/.rbenv/versions/2.0.0-p353/lib/ruby/2.0.0/logger.rb:318:in `initialize'
	from /Users/akihisa/collagree/new_collagree/config/environments/development.rb:71:in `new'
	from /Users/akihisa/collagree/new_collagree/config/environments/development.rb:71:in `block in <top (required)>'
	from /Users/akihisa/collagree/new_collagree/vendor/bundle/ruby/2.0.0/gems/railties-4.1.2/lib/rails/railtie.rb:210:in `instance_eval'
	from /Users/akihisa/collagree/new_collagree/vendor/bundle/ruby/2.0.0/gems/railties-4.1.2/lib/rails/railtie.rb:210:in `configure'
	from /Users/akihisa/collagree/new_collagree/config/environments/development.rb:1:in `<top (required)>'
	from /Users/akihisa/collagree/new_collagree/vendor/bundle/ruby/2.0.0/gems/activesupport-4.1.2/lib/active_support/dependencies.rb:247:in `require'
	from /Users/akihisa/collagree/new_collagree/vendor/bundle/ruby/2.0.0/gems/activesupport-4.1.2/lib/active_support/dependencies.rb:247:in `block in require'
	from /Users/akihisa/collagree/new_collagree/vendor/bundle/ruby/2.0.0/gems/activesupport-4.1.2/lib/active_support/dependencies.rb:232:in `load_dependency'
	from /Users/akihisa/collagree/new_collagree/vendor/bundle/ruby/2.0.0/gems/activesupport-4.1.2/lib/active_support/dependencies.rb:247:in `require'
	from /Users/akihisa/collagree/new_collagree/vendor/bundle/ruby/2.0.0/gems/railties-4.1.2/lib/rails/engine.rb:594:in `block (2 levels) in <class:Engine>'
	from /Users/akihisa/collagree/new_collagree/vendor/bundle/ruby/2.0.0/gems/railties-4.1.2/lib/rails/engine.rb:593:in `each'
	from /Users/akihisa/collagree/new_collagree/vendor/bundle/ruby/2.0.0/gems/railties-4.1.2/lib/rails/engine.rb:593:in `block in <class:Engine>'
	from /Users/akihisa/collagree/new_collagree/vendor/bundle/ruby/2.0.0/gems/railties-4.1.2/lib/rails/initializable.rb:30:in `instance_exec'
	from /Users/akihisa/collagree/new_collagree/vendor/bundle/ruby/2.0.0/gems/railties-4.1.2/lib/rails/initializable.rb:30:in `run'
	from /Users/akihisa/collagree/new_collagree/vendor/bundle/ruby/2.0.0/gems/railties-4.1.2/lib/rails/initializable.rb:55:in `block in run_initializers'
	from /Users/akihisa/.rbenv/versions/2.0.0-p353/lib/ruby/2.0.0/tsort.rb:150:in `block in tsort_each'
	from /Users/akihisa/.rbenv/versions/2.0.0-p353/lib/ruby/2.0.0/tsort.rb:183:in `block (2 levels) in each_strongly_connected_component'
	from /Users/akihisa/.rbenv/versions/2.0.0-p353/lib/ruby/2.0.0/tsort.rb:210:in `block (2 levels) in each_strongly_connected_component_from'
	from /Users/akihisa/.rbenv/versions/2.0.0-p353/lib/ruby/2.0.0/tsort.rb:219:in `each_strongly_connected_component_from'
	from /Users/akihisa/.rbenv/versions/2.0.0-p353/lib/ruby/2.0.0/tsort.rb:209:in `block in each_strongly_connected_component_from'
	from /Users/akihisa/collagree/new_collagree/vendor/bundle/ruby/2.0.0/gems/railties-4.1.2/lib/rails/initializable.rb:44:in `each'
	from /Users/akihisa/collagree/new_collagree/vendor/bundle/ruby/2.0.0/gems/railties-4.1.2/lib/rails/initializable.rb:44:in `tsort_each_child'
	from /Users/akihisa/.rbenv/versions/2.0.0-p353/lib/ruby/2.0.0/tsort.rb:203:in `each_strongly_connected_component_from'
	from /Users/akihisa/.rbenv/versions/2.0.0-p353/lib/ruby/2.0.0/tsort.rb:182:in `block in each_strongly_connected_component'
	from /Users/akihisa/.rbenv/versions/2.0.0-p353/lib/ruby/2.0.0/tsort.rb:180:in `each'
	from /Users/akihisa/.rbenv/versions/2.0.0-p353/lib/ruby/2.0.0/tsort.rb:180:in `each_strongly_connected_component'
	from /Users/akihisa/.rbenv/versions/2.0.0-p353/lib/ruby/2.0.0/tsort.rb:148:in `tsort_each'
	from /Users/akihisa/collagree/new_collagree/vendor/bundle/ruby/2.0.0/gems/railties-4.1.2/lib/rails/initializable.rb:54:in `run_initializers'
	from /Users/akihisa/collagree/new_collagree/vendor/bundle/ruby/2.0.0/gems/railties-4.1.2/lib/rails/application.rb:300:in `initialize!'
	from /Users/akihisa/collagree/new_collagree/config/environment.rb:5:in `<top (required)>'
	from /Users/akihisa/collagree/new_collagree/lib/clockwork/clock.rb:3:in `require'
	from /Users/akihisa/collagree/new_collagree/lib/clockwork/clock.rb:3:in `<top (required)>'
	from /Users/akihisa/collagree/new_collagree/vendor/bundle/ruby/2.0.0/gems/clockwork-1.0.2/bin/clockworkd:88:in `require'
	from /Users/akihisa/collagree/new_collagree/vendor/bundle/ruby/2.0.0/gems/clockwork-1.0.2/bin/clockworkd:88:in `block in <top (required)>'
	from /Users/akihisa/collagree/new_collagree/vendor/bundle/ruby/2.0.0/gems/daemons-1.2.2/lib/daemons/application.rb:265:in `call'
	from /Users/akihisa/collagree/new_collagree/vendor/bundle/ruby/2.0.0/gems/daemons-1.2.2/lib/daemons/application.rb:265:in `block in start_proc'
	from /Users/akihisa/collagree/new_collagree/vendor/bundle/ruby/2.0.0/gems/daemons-1.2.2/lib/daemons/daemonize.rb:84:in `call'
	from /Users/akihisa/collagree/new_collagree/vendor/bundle/ruby/2.0.0/gems/daemons-1.2.2/lib/daemons/daemonize.rb:84:in `call_as_daemon'
	from /Users/akihisa/collagree/new_collagree/vendor/bundle/ruby/2.0.0/gems/daemons-1.2.2/lib/daemons/application.rb:269:in `start_proc'
	from /Users/akihisa/collagree/new_collagree/vendor/bundle/ruby/2.0.0/gems/daemons-1.2.2/lib/daemons/application.rb:295:in `start'
	from /Users/akihisa/collagree/new_collagree/vendor/bundle/ruby/2.0.0/gems/daemons-1.2.2/lib/daemons/controller.rb:56:in `run'
	from /Users/akihisa/collagree/new_collagree/vendor/bundle/ruby/2.0.0/gems/daemons-1.2.2/lib/daemons.rb:193:in `block in run_proc'
	from /Users/akihisa/collagree/new_collagree/vendor/bundle/ruby/2.0.0/gems/daemons-1.2.2/lib/daemons/cmdline.rb:88:in `call'
	from /Users/akihisa/collagree/new_collagree/vendor/bundle/ruby/2.0.0/gems/daemons-1.2.2/lib/daemons/cmdline.rb:88:in `catch_exceptions'
	from /Users/akihisa/collagree/new_collagree/vendor/bundle/ruby/2.0.0/gems/daemons-1.2.2/lib/daemons.rb:192:in `run_proc'
	from /Users/akihisa/collagree/new_collagree/vendor/bundle/ruby/2.0.0/gems/clockwork-1.0.2/bin/clockworkd:84:in `<top (required)>'
	from /Users/akihisa/collagree/new_collagree/vendor/bundle/ruby/2.0.0/bin/clockworkd:23:in `load'
	from /Users/akihisa/collagree/new_collagree/vendor/bundle/ruby/2.0.0/bin/clockworkd:23:in `<main>'
